\BOOKMARK [0][-]{chapter.1}{\376\377\000M\000a\000i\000n\000\040\000P\000a\000g\000e}{}% 1
\BOOKMARK [0][-]{chapter.2}{\376\377\000N\000a\000m\000e\000s\000p\000a\000c\000e\000\040\000I\000n\000d\000e\000x}{}% 2
\BOOKMARK [1][-]{section.2.1}{\376\377\000N\000a\000m\000e\000s\000p\000a\000c\000e\000\040\000L\000i\000s\000t}{chapter.2}% 3
\BOOKMARK [0][-]{chapter.3}{\376\377\000H\000i\000e\000r\000a\000r\000c\000h\000i\000c\000a\000l\000\040\000I\000n\000d\000e\000x}{}% 4
\BOOKMARK [1][-]{section.3.1}{\376\377\000C\000l\000a\000s\000s\000\040\000H\000i\000e\000r\000a\000r\000c\000h\000y}{chapter.3}% 5
\BOOKMARK [0][-]{chapter.4}{\376\377\000C\000l\000a\000s\000s\000\040\000I\000n\000d\000e\000x}{}% 6
\BOOKMARK [1][-]{section.4.1}{\376\377\000C\000l\000a\000s\000s\000\040\000L\000i\000s\000t}{chapter.4}% 7
\BOOKMARK [0][-]{chapter.5}{\376\377\000F\000i\000l\000e\000\040\000I\000n\000d\000e\000x}{}% 8
\BOOKMARK [1][-]{section.5.1}{\376\377\000F\000i\000l\000e\000\040\000L\000i\000s\000t}{chapter.5}% 9
\BOOKMARK [0][-]{chapter.6}{\376\377\000N\000a\000m\000e\000s\000p\000a\000c\000e\000\040\000D\000o\000c\000u\000m\000e\000n\000t\000a\000t\000i\000o\000n}{}% 10
\BOOKMARK [1][-]{section.6.1}{\376\377\000P\000a\000c\000k\000a\000g\000e\000\040\000T\000r\000i\000D\000e\000v\000s}{chapter.6}% 11
\BOOKMARK [1][-]{section.6.2}{\376\377\000P\000a\000c\000k\000a\000g\000e\000\040\000T\000r\000i\000D\000e\000v\000s\000.\000T\000r\000i\000E\000n\000g\000i\000n\000e\0002\000D}{chapter.6}% 12
\BOOKMARK [1][-]{section.6.3}{\376\377\000P\000a\000c\000k\000a\000g\000e\000\040\000T\000r\000i\000D\000e\000v\000s\000.\000T\000r\000i\000E\000n\000g\000i\000n\000e\0002\000D\000.\000E\000x\000t\000e\000n\000s\000i\000o\000n\000s}{chapter.6}% 13
\BOOKMARK [1][-]{section.6.4}{\376\377\000P\000a\000c\000k\000a\000g\000e\000\040\000T\000r\000i\000D\000e\000v\000s\000.\000T\000r\000i\000E\000n\000g\000i\000n\000e\0002\000D\000.\000H\000e\000l\000p\000e\000r\000s}{chapter.6}% 14
\BOOKMARK [1][-]{section.6.5}{\376\377\000P\000a\000c\000k\000a\000g\000e\000\040\000T\000r\000i\000D\000e\000v\000s\000.\000T\000r\000i\000E\000n\000g\000i\000n\000e\0002\000D\000.\000I\000n\000p\000u\000t}{chapter.6}% 15
\BOOKMARK [1][-]{section.6.6}{\376\377\000P\000a\000c\000k\000a\000g\000e\000\040\000T\000r\000i\000D\000e\000v\000s\000.\000T\000r\000i\000E\000n\000g\000i\000n\000e\0002\000D\000.\000L\000o\000g\000g\000i\000n\000g}{chapter.6}% 16
\BOOKMARK [1][-]{section.6.7}{\376\377\000P\000a\000c\000k\000a\000g\000e\000\040\000T\000r\000i\000D\000e\000v\000s\000.\000T\000r\000i\000E\000n\000g\000i\000n\000e\0002\000D\000.\000N\000a\000t\000i\000v\000e}{chapter.6}% 17
\BOOKMARK [1][-]{section.6.8}{\376\377\000P\000a\000c\000k\000a\000g\000e\000\040\000T\000r\000i\000D\000e\000v\000s\000.\000T\000r\000i\000E\000n\000g\000i\000n\000e\0002\000D\000.\000S\000e\000r\000i\000a\000l\000i\000z\000i\000n\000g}{chapter.6}% 18
\BOOKMARK [0][-]{chapter.7}{\376\377\000C\000l\000a\000s\000s\000\040\000D\000o\000c\000u\000m\000e\000n\000t\000a\000t\000i\000o\000n}{}% 19
\BOOKMARK [1][-]{section.7.1}{\376\377\000T\000r\000i\000D\000e\000v\000s\000.\000T\000r\000i\000E\000n\000g\000i\000n\000e\0002\000D\000.\000E\000x\000t\000e\000n\000s\000i\000o\000n\000s\000.\000E\000n\000u\000m\000e\000r\000a\000t\000i\000o\000n\000E\000x\000t\000e\000n\000s\000i\000o\000n\000s\000\040\000C\000l\000a\000s\000s\000\040\000R\000e\000f\000e\000r\000e\000n\000c\000e}{chapter.7}% 20
\BOOKMARK [2][-]{subsection.7.1.1}{\376\377\000D\000e\000t\000a\000i\000l\000e\000d\000\040\000D\000e\000s\000c\000r\000i\000p\000t\000i\000o\000n}{section.7.1}% 21
\BOOKMARK [2][-]{subsection.7.1.2}{\376\377\000M\000e\000m\000b\000e\000r\000\040\000F\000u\000n\000c\000t\000i\000o\000n\000\040\000D\000o\000c\000u\000m\000e\000n\000t\000a\000t\000i\000o\000n}{section.7.1}% 22
\BOOKMARK [3][-]{subsubsection.7.1.2.1}{\376\377\000H\000a\000s\000<\000\040\000T\000\040\000>}{subsection.7.1.2}% 23
\BOOKMARK [3][-]{subsubsection.7.1.2.2}{\376\377\000I\000n\000c\000l\000u\000d\000e\000<\000\040\000T\000\040\000>}{subsection.7.1.2}% 24
\BOOKMARK [3][-]{subsubsection.7.1.2.3}{\376\377\000M\000i\000s\000s\000i\000n\000g\000<\000\040\000T\000\040\000>}{subsection.7.1.2}% 25
\BOOKMARK [3][-]{subsubsection.7.1.2.4}{\376\377\000R\000e\000m\000o\000v\000e\000<\000\040\000T\000\040\000>}{subsection.7.1.2}% 26
\BOOKMARK [1][-]{section.7.2}{\376\377\000T\000r\000i\000D\000e\000v\000s\000.\000T\000r\000i\000E\000n\000g\000i\000n\000e\0002\000D\000.\000N\000a\000t\000i\000v\000e\000.\000H\000e\000l\000p\000e\000r\000s\000\040\000C\000l\000a\000s\000s\000\040\000R\000e\000f\000e\000r\000e\000n\000c\000e}{chapter.7}% 27
\BOOKMARK [2][-]{subsection.7.2.1}{\376\377\000D\000e\000t\000a\000i\000l\000e\000d\000\040\000D\000e\000s\000c\000r\000i\000p\000t\000i\000o\000n}{section.7.2}% 28
\BOOKMARK [2][-]{subsection.7.2.2}{\376\377\000M\000e\000m\000b\000e\000r\000\040\000F\000u\000n\000c\000t\000i\000o\000n\000\040\000D\000o\000c\000u\000m\000e\000n\000t\000a\000t\000i\000o\000n}{section.7.2}% 29
\BOOKMARK [3][-]{subsubsection.7.2.2.1}{\376\377\000G\000e\000t\000E\000r\000r\000o\000r\000M\000e\000s\000s\000a\000g\000e}{subsection.7.2.2}% 30
\BOOKMARK [3][-]{subsubsection.7.2.2.2}{\376\377\000G\000e\000t\000L\000a\000s\000t\000E\000r\000r\000o\000r}{subsection.7.2.2}% 31
\BOOKMARK [3][-]{subsubsection.7.2.2.3}{\376\377\000G\000e\000t\000L\000a\000s\000t\000E\000r\000r\000o\000r\000I\000n\000f\000o}{subsection.7.2.2}% 32
\BOOKMARK [3][-]{subsubsection.7.2.2.4}{\376\377\000G\000e\000t\000L\000a\000s\000t\000E\000r\000r\000o\000r\000M\000e\000s\000s\000a\000g\000e}{subsection.7.2.2}% 33
\BOOKMARK [3][-]{subsubsection.7.2.2.5}{\376\377\000G\000e\000t\000L\000a\000s\000t\000W\000i\000n\0003\0002\000E\000x\000c\000e\000p\000t\000i\000o\000n}{subsection.7.2.2}% 34
\BOOKMARK [3][-]{subsubsection.7.2.2.6}{\376\377\000G\000e\000t\000W\000i\000n\0003\0002\000E\000x\000c\000e\000p\000t\000i\000o\000n}{subsection.7.2.2}% 35
\BOOKMARK [1][-]{section.7.3}{\376\377\000T\000r\000i\000D\000e\000v\000s\000.\000T\000r\000i\000E\000n\000g\000i\000n\000e\0002\000D\000.\000I\000n\000p\000u\000t\000.\000I\000I\000n\000p\000u\000t\000M\000a\000n\000a\000g\000e\000r\000\040\000I\000n\000t\000e\000r\000f\000a\000c\000e\000\040\000R\000e\000f\000e\000r\000e\000n\000c\000e}{chapter.7}% 36
\BOOKMARK [2][-]{subsection.7.3.1}{\376\377\000D\000e\000t\000a\000i\000l\000e\000d\000\040\000D\000e\000s\000c\000r\000i\000p\000t\000i\000o\000n}{section.7.3}% 37
\BOOKMARK [2][-]{subsection.7.3.2}{\376\377\000M\000e\000m\000b\000e\000r\000\040\000F\000u\000n\000c\000t\000i\000o\000n\000\040\000D\000o\000c\000u\000m\000e\000n\000t\000a\000t\000i\000o\000n}{section.7.3}% 38
\BOOKMARK [3][-]{subsubsection.7.3.2.1}{\376\377\000B\000u\000t\000t\000o\000n\000D\000o\000w\000n}{subsection.7.3.2}% 39
\BOOKMARK [3][-]{subsubsection.7.3.2.2}{\376\377\000B\000u\000t\000t\000o\000n\000P\000r\000e\000s\000s\000e\000d}{subsection.7.3.2}% 40
\BOOKMARK [3][-]{subsubsection.7.3.2.3}{\376\377\000B\000u\000t\000t\000o\000n\000R\000e\000l\000e\000a\000s\000e\000d}{subsection.7.3.2}% 41
\BOOKMARK [3][-]{subsubsection.7.3.2.4}{\376\377\000B\000u\000t\000t\000o\000n\000U\000p}{subsection.7.3.2}% 42
\BOOKMARK [3][-]{subsubsection.7.3.2.5}{\376\377\000K\000e\000y\000D\000o\000w\000n}{subsection.7.3.2}% 43
\BOOKMARK [3][-]{subsubsection.7.3.2.6}{\376\377\000K\000e\000y\000P\000r\000e\000s\000s\000e\000d}{subsection.7.3.2}% 44
\BOOKMARK [3][-]{subsubsection.7.3.2.7}{\376\377\000K\000e\000y\000R\000e\000l\000e\000a\000s\000e\000d}{subsection.7.3.2}% 45
\BOOKMARK [3][-]{subsubsection.7.3.2.8}{\376\377\000K\000e\000y\000U\000p}{subsection.7.3.2}% 46
\BOOKMARK [3][-]{subsubsection.7.3.2.9}{\376\377\000U\000p\000d\000a\000t\000e}{subsection.7.3.2}% 47
\BOOKMARK [3][-]{subsubsection.7.3.2.10}{\376\377\000W\000h\000e\000e\000l\000C\000h\000a\000n\000g\000e}{subsection.7.3.2}% 48
\BOOKMARK [3][-]{subsubsection.7.3.2.11}{\376\377\000W\000h\000e\000e\000l\000C\000h\000a\000n\000g\000e\000d}{subsection.7.3.2}% 49
\BOOKMARK [3][-]{subsubsection.7.3.2.12}{\376\377\000W\000h\000e\000e\000l\000D\000o\000w\000n}{subsection.7.3.2}% 50
\BOOKMARK [3][-]{subsubsection.7.3.2.13}{\376\377\000W\000h\000e\000e\000l\000U\000p}{subsection.7.3.2}% 51
\BOOKMARK [2][-]{subsection.7.3.3}{\376\377\000P\000r\000o\000p\000e\000r\000t\000y\000\040\000D\000o\000c\000u\000m\000e\000n\000t\000a\000t\000i\000o\000n}{section.7.3}% 52
\BOOKMARK [3][-]{subsubsection.7.3.3.1}{\376\377\000M\000o\000u\000s\000e\000P\000o\000s\000i\000t\000i\000o\000n}{subsection.7.3.3}% 53
\BOOKMARK [3][-]{subsubsection.7.3.3.2}{\376\377\000M\000o\000u\000s\000e\000W\000h\000e\000e\000l\000V\000a\000l\000u\000e}{subsection.7.3.3}% 54
\BOOKMARK [3][-]{subsubsection.7.3.3.3}{\376\377\000M\000o\000u\000s\000e\000X}{subsection.7.3.3}% 55
\BOOKMARK [3][-]{subsubsection.7.3.3.4}{\376\377\000M\000o\000u\000s\000e\000Y}{subsection.7.3.3}% 56
\BOOKMARK [3][-]{subsubsection.7.3.3.5}{\376\377\000t\000h\000i\000s\000[\000K\000e\000y\000\040\000k\000e\000y\000]}{subsection.7.3.3}% 57
\BOOKMARK [3][-]{subsubsection.7.3.3.6}{\376\377\000t\000h\000i\000s\000[\000M\000o\000u\000s\000e\000B\000u\000t\000t\000o\000n\000\040\000b\000u\000t\000t\000o\000n\000]}{subsection.7.3.3}% 58
\BOOKMARK [1][-]{section.7.4}{\376\377\000T\000r\000i\000D\000e\000v\000s\000.\000T\000r\000i\000E\000n\000g\000i\000n\000e\0002\000D\000.\000I\000n\000p\000u\000t\000.\000I\000n\000p\000u\000t\000M\000a\000n\000a\000g\000e\000r\000\040\000C\000l\000a\000s\000s\000\040\000R\000e\000f\000e\000r\000e\000n\000c\000e}{chapter.7}% 59
\BOOKMARK [2][-]{subsection.7.4.1}{\376\377\000D\000e\000t\000a\000i\000l\000e\000d\000\040\000D\000e\000s\000c\000r\000i\000p\000t\000i\000o\000n}{section.7.4}% 60
\BOOKMARK [2][-]{subsection.7.4.2}{\376\377\000C\000o\000n\000s\000t\000r\000u\000c\000t\000o\000r\000\040\000\046\000\040\000D\000e\000s\000t\000r\000u\000c\000t\000o\000r\000\040\000D\000o\000c\000u\000m\000e\000n\000t\000a\000t\000i\000o\000n}{section.7.4}% 61
\BOOKMARK [3][-]{subsubsection.7.4.2.1}{\376\377\000I\000n\000p\000u\000t\000M\000a\000n\000a\000g\000e\000r}{subsection.7.4.2}% 62
\BOOKMARK [2][-]{subsection.7.4.3}{\376\377\000M\000e\000m\000b\000e\000r\000\040\000F\000u\000n\000c\000t\000i\000o\000n\000\040\000D\000o\000c\000u\000m\000e\000n\000t\000a\000t\000i\000o\000n}{section.7.4}% 63
\BOOKMARK [3][-]{subsubsection.7.4.3.1}{\376\377\000B\000u\000t\000t\000o\000n\000D\000o\000w\000n}{subsection.7.4.3}% 64
\BOOKMARK [3][-]{subsubsection.7.4.3.2}{\376\377\000B\000u\000t\000t\000o\000n\000P\000r\000e\000s\000s\000e\000d}{subsection.7.4.3}% 65
\BOOKMARK [3][-]{subsubsection.7.4.3.3}{\376\377\000B\000u\000t\000t\000o\000n\000R\000e\000l\000e\000a\000s\000e\000d}{subsection.7.4.3}% 66
\BOOKMARK [3][-]{subsubsection.7.4.3.4}{\376\377\000B\000u\000t\000t\000o\000n\000U\000p}{subsection.7.4.3}% 67
\BOOKMARK [3][-]{subsubsection.7.4.3.5}{\376\377\000K\000e\000y\000D\000o\000w\000n}{subsection.7.4.3}% 68
\BOOKMARK [3][-]{subsubsection.7.4.3.6}{\376\377\000K\000e\000y\000P\000r\000e\000s\000s\000e\000d}{subsection.7.4.3}% 69
\BOOKMARK [3][-]{subsubsection.7.4.3.7}{\376\377\000K\000e\000y\000R\000e\000l\000e\000a\000s\000e\000d}{subsection.7.4.3}% 70
\BOOKMARK [3][-]{subsubsection.7.4.3.8}{\376\377\000K\000e\000y\000U\000p}{subsection.7.4.3}% 71
\BOOKMARK [3][-]{subsubsection.7.4.3.9}{\376\377\000U\000p\000d\000a\000t\000e}{subsection.7.4.3}% 72
\BOOKMARK [3][-]{subsubsection.7.4.3.10}{\376\377\000W\000h\000e\000e\000l\000C\000h\000a\000n\000g\000e}{subsection.7.4.3}% 73
\BOOKMARK [3][-]{subsubsection.7.4.3.11}{\376\377\000W\000h\000e\000e\000l\000C\000h\000a\000n\000g\000e\000d}{subsection.7.4.3}% 74
\BOOKMARK [3][-]{subsubsection.7.4.3.12}{\376\377\000W\000h\000e\000e\000l\000D\000o\000w\000n}{subsection.7.4.3}% 75
\BOOKMARK [3][-]{subsubsection.7.4.3.13}{\376\377\000W\000h\000e\000e\000l\000U\000p}{subsection.7.4.3}% 76
\BOOKMARK [2][-]{subsection.7.4.4}{\376\377\000P\000r\000o\000p\000e\000r\000t\000y\000\040\000D\000o\000c\000u\000m\000e\000n\000t\000a\000t\000i\000o\000n}{section.7.4}% 77
\BOOKMARK [3][-]{subsubsection.7.4.4.1}{\376\377\000M\000o\000u\000s\000e\000P\000o\000s\000i\000t\000i\000o\000n}{subsection.7.4.4}% 78
\BOOKMARK [3][-]{subsubsection.7.4.4.2}{\376\377\000M\000o\000u\000s\000e\000W\000h\000e\000e\000l\000V\000a\000l\000u\000e}{subsection.7.4.4}% 79
\BOOKMARK [3][-]{subsubsection.7.4.4.3}{\376\377\000M\000o\000u\000s\000e\000X}{subsection.7.4.4}% 80
\BOOKMARK [3][-]{subsubsection.7.4.4.4}{\376\377\000M\000o\000u\000s\000e\000Y}{subsection.7.4.4}% 81
\BOOKMARK [3][-]{subsubsection.7.4.4.5}{\376\377\000t\000h\000i\000s\000[\000K\000e\000y\000\040\000k\000e\000y\000]}{subsection.7.4.4}% 82
\BOOKMARK [3][-]{subsubsection.7.4.4.6}{\376\377\000t\000h\000i\000s\000[\000M\000o\000u\000s\000e\000B\000u\000t\000t\000o\000n\000\040\000b\000u\000t\000t\000o\000n\000]}{subsection.7.4.4}% 83
\BOOKMARK [1][-]{section.7.5}{\376\377\000T\000r\000i\000D\000e\000v\000s\000.\000T\000r\000i\000E\000n\000g\000i\000n\000e\0002\000D\000.\000H\000e\000l\000p\000e\000r\000s\000.\000I\000O\000\040\000C\000l\000a\000s\000s\000\040\000R\000e\000f\000e\000r\000e\000n\000c\000e}{chapter.7}% 84
\BOOKMARK [2][-]{subsection.7.5.1}{\376\377\000D\000e\000t\000a\000i\000l\000e\000d\000\040\000D\000e\000s\000c\000r\000i\000p\000t\000i\000o\000n}{section.7.5}% 85
\BOOKMARK [2][-]{subsection.7.5.2}{\376\377\000M\000e\000m\000b\000e\000r\000\040\000F\000u\000n\000c\000t\000i\000o\000n\000\040\000D\000o\000c\000u\000m\000e\000n\000t\000a\000t\000i\000o\000n}{section.7.5}% 86
\BOOKMARK [3][-]{subsubsection.7.5.2.1}{\376\377\000G\000e\000t\000A\000b\000s\000o\000l\000u\000t\000e\000P\000a\000t\000h}{subsection.7.5.2}% 87
\BOOKMARK [1][-]{section.7.6}{\376\377\000T\000r\000i\000D\000e\000v\000s\000.\000T\000r\000i\000E\000n\000g\000i\000n\000e\0002\000D\000.\000L\000o\000g\000g\000i\000n\000g\000.\000L\000o\000g\000M\000a\000n\000a\000g\000e\000r\000\040\000C\000l\000a\000s\000s\000\040\000R\000e\000f\000e\000r\000e\000n\000c\000e}{chapter.7}% 88
\BOOKMARK [2][-]{subsection.7.6.1}{\376\377\000D\000e\000t\000a\000i\000l\000e\000d\000\040\000D\000e\000s\000c\000r\000i\000p\000t\000i\000o\000n}{section.7.6}% 89
\BOOKMARK [2][-]{subsection.7.6.2}{\376\377\000M\000e\000m\000b\000e\000r\000\040\000F\000u\000n\000c\000t\000i\000o\000n\000\040\000D\000o\000c\000u\000m\000e\000n\000t\000a\000t\000i\000o\000n}{section.7.6}% 90
\BOOKMARK [3][-]{subsubsection.7.6.2.1}{\376\377\000C\000l\000e\000a\000r\000O\000l\000d\000L\000o\000g\000s}{subsection.7.6.2}% 91
\BOOKMARK [3][-]{subsubsection.7.6.2.2}{\376\377\000D\000e\000s\000t\000r\000o\000y\000C\000o\000n\000s\000o\000l\000e}{subsection.7.6.2}% 92
\BOOKMARK [3][-]{subsubsection.7.6.2.3}{\376\377\000G\000e\000t\000L\000o\000g\000g\000e\000r}{subsection.7.6.2}% 93
\BOOKMARK [3][-]{subsubsection.7.6.2.4}{\376\377\000L\000o\000a\000d\000C\000o\000n\000f\000i\000g}{subsection.7.6.2}% 94
\BOOKMARK [3][-]{subsubsection.7.6.2.5}{\376\377\000S\000e\000t\000u\000p\000C\000o\000n\000s\000o\000l\000e}{subsection.7.6.2}% 95
\BOOKMARK [1][-]{section.7.7}{\376\377\000T\000r\000i\000D\000e\000v\000s\000.\000T\000r\000i\000E\000n\000g\000i\000n\000e\0002\000D\000.\000I\000n\000p\000u\000t\000.\000N\000u\000l\000l\000I\000n\000p\000u\000t\000M\000a\000n\000a\000g\000e\000r\000\040\000C\000l\000a\000s\000s\000\040\000R\000e\000f\000e\000r\000e\000n\000c\000e}{chapter.7}% 96
\BOOKMARK [2][-]{subsection.7.7.1}{\376\377\000D\000e\000t\000a\000i\000l\000e\000d\000\040\000D\000e\000s\000c\000r\000i\000p\000t\000i\000o\000n}{section.7.7}% 97
\BOOKMARK [2][-]{subsection.7.7.2}{\376\377\000M\000e\000m\000b\000e\000r\000\040\000F\000u\000n\000c\000t\000i\000o\000n\000\040\000D\000o\000c\000u\000m\000e\000n\000t\000a\000t\000i\000o\000n}{section.7.7}% 98
\BOOKMARK [3][-]{subsubsection.7.7.2.1}{\376\377\000B\000u\000t\000t\000o\000n\000D\000o\000w\000n}{subsection.7.7.2}% 99
\BOOKMARK [3][-]{subsubsection.7.7.2.2}{\376\377\000B\000u\000t\000t\000o\000n\000P\000r\000e\000s\000s\000e\000d}{subsection.7.7.2}% 100
\BOOKMARK [3][-]{subsubsection.7.7.2.3}{\376\377\000B\000u\000t\000t\000o\000n\000R\000e\000l\000e\000a\000s\000e\000d}{subsection.7.7.2}% 101
\BOOKMARK [3][-]{subsubsection.7.7.2.4}{\376\377\000B\000u\000t\000t\000o\000n\000U\000p}{subsection.7.7.2}% 102
\BOOKMARK [3][-]{subsubsection.7.7.2.5}{\376\377\000K\000e\000y\000D\000o\000w\000n}{subsection.7.7.2}% 103
\BOOKMARK [3][-]{subsubsection.7.7.2.6}{\376\377\000K\000e\000y\000P\000r\000e\000s\000s\000e\000d}{subsection.7.7.2}% 104
\BOOKMARK [3][-]{subsubsection.7.7.2.7}{\376\377\000K\000e\000y\000R\000e\000l\000e\000a\000s\000e\000d}{subsection.7.7.2}% 105
\BOOKMARK [3][-]{subsubsection.7.7.2.8}{\376\377\000K\000e\000y\000U\000p}{subsection.7.7.2}% 106
\BOOKMARK [3][-]{subsubsection.7.7.2.9}{\376\377\000U\000p\000d\000a\000t\000e}{subsection.7.7.2}% 107
\BOOKMARK [3][-]{subsubsection.7.7.2.10}{\376\377\000W\000h\000e\000e\000l\000C\000h\000a\000n\000g\000e}{subsection.7.7.2}% 108
\BOOKMARK [3][-]{subsubsection.7.7.2.11}{\376\377\000W\000h\000e\000e\000l\000C\000h\000a\000n\000g\000e\000d}{subsection.7.7.2}% 109
\BOOKMARK [3][-]{subsubsection.7.7.2.12}{\376\377\000W\000h\000e\000e\000l\000D\000o\000w\000n}{subsection.7.7.2}% 110
\BOOKMARK [3][-]{subsubsection.7.7.2.13}{\376\377\000W\000h\000e\000e\000l\000U\000p}{subsection.7.7.2}% 111
\BOOKMARK [2][-]{subsection.7.7.3}{\376\377\000P\000r\000o\000p\000e\000r\000t\000y\000\040\000D\000o\000c\000u\000m\000e\000n\000t\000a\000t\000i\000o\000n}{section.7.7}% 112
\BOOKMARK [3][-]{subsubsection.7.7.3.1}{\376\377\000M\000o\000u\000s\000e\000P\000o\000s\000i\000t\000i\000o\000n}{subsection.7.7.3}% 113
\BOOKMARK [3][-]{subsubsection.7.7.3.2}{\376\377\000M\000o\000u\000s\000e\000W\000h\000e\000e\000l\000V\000a\000l\000u\000e}{subsection.7.7.3}% 114
\BOOKMARK [3][-]{subsubsection.7.7.3.3}{\376\377\000M\000o\000u\000s\000e\000X}{subsection.7.7.3}% 115
\BOOKMARK [3][-]{subsubsection.7.7.3.4}{\376\377\000M\000o\000u\000s\000e\000Y}{subsection.7.7.3}% 116
\BOOKMARK [3][-]{subsubsection.7.7.3.5}{\376\377\000t\000h\000i\000s\000[\000K\000e\000y\000\040\000k\000e\000y\000]}{subsection.7.7.3}% 117
\BOOKMARK [3][-]{subsubsection.7.7.3.6}{\376\377\000t\000h\000i\000s\000[\000M\000o\000u\000s\000e\000B\000u\000t\000t\000o\000n\000\040\000b\000u\000t\000t\000o\000n\000]}{subsection.7.7.3}% 118
\BOOKMARK [1][-]{section.7.8}{\376\377\000T\000r\000i\000D\000e\000v\000s\000.\000T\000r\000i\000E\000n\000g\000i\000n\000e\0002\000D\000.\000P\000o\000i\000n\000t\000\040\000S\000t\000r\000u\000c\000t\000\040\000R\000e\000f\000e\000r\000e\000n\000c\000e}{chapter.7}% 119
\BOOKMARK [2][-]{subsection.7.8.1}{\376\377\000D\000e\000t\000a\000i\000l\000e\000d\000\040\000D\000e\000s\000c\000r\000i\000p\000t\000i\000o\000n}{section.7.8}% 120
\BOOKMARK [2][-]{subsection.7.8.2}{\376\377\000C\000o\000n\000s\000t\000r\000u\000c\000t\000o\000r\000\040\000\046\000\040\000D\000e\000s\000t\000r\000u\000c\000t\000o\000r\000\040\000D\000o\000c\000u\000m\000e\000n\000t\000a\000t\000i\000o\000n}{section.7.8}% 121
\BOOKMARK [3][-]{subsubsection.7.8.2.1}{\376\377\000P\000o\000i\000n\000t}{subsection.7.8.2}% 122
\BOOKMARK [2][-]{subsection.7.8.3}{\376\377\000M\000e\000m\000b\000e\000r\000\040\000D\000a\000t\000a\000\040\000D\000o\000c\000u\000m\000e\000n\000t\000a\000t\000i\000o\000n}{section.7.8}% 123
\BOOKMARK [3][-]{subsubsection.7.8.3.1}{\376\377\000X}{subsection.7.8.3}% 124
\BOOKMARK [3][-]{subsubsection.7.8.3.2}{\376\377\000Y}{subsection.7.8.3}% 125
\BOOKMARK [1][-]{section.7.9}{\376\377\000T\000r\000i\000D\000e\000v\000s\000.\000T\000r\000i\000E\000n\000g\000i\000n\000e\0002\000D\000.\000S\000e\000r\000i\000a\000l\000i\000z\000i\000n\000g\000.\000S\000e\000r\000i\000a\000l\000i\000z\000e\000r\000\040\000C\000l\000a\000s\000s\000\040\000R\000e\000f\000e\000r\000e\000n\000c\000e}{chapter.7}% 126
\BOOKMARK [2][-]{subsection.7.9.1}{\376\377\000D\000e\000t\000a\000i\000l\000e\000d\000\040\000D\000e\000s\000c\000r\000i\000p\000t\000i\000o\000n}{section.7.9}% 127
\BOOKMARK [2][-]{subsection.7.9.2}{\376\377\000M\000e\000m\000b\000e\000r\000\040\000F\000u\000n\000c\000t\000i\000o\000n\000\040\000D\000o\000c\000u\000m\000e\000n\000t\000a\000t\000i\000o\000n}{section.7.9}% 128
\BOOKMARK [3][-]{subsubsection.7.9.2.1}{\376\377\000D\000e\000s\000e\000r\000i\000a\000l\000i\000z\000e\000<\000\040\000T\000\040\000>}{subsection.7.9.2}% 129
\BOOKMARK [3][-]{subsubsection.7.9.2.2}{\376\377\000S\000e\000r\000i\000a\000l\000i\000z\000e\000<\000\040\000T\000\040\000>}{subsection.7.9.2}% 130
\BOOKMARK [3][-]{subsubsection.7.9.2.3}{\376\377\000S\000e\000r\000i\000a\000l\000i\000z\000e\000<\000\040\000T\000\040\000>}{subsection.7.9.2}% 131
\BOOKMARK [1][-]{section.7.10}{\376\377\000T\000r\000i\000D\000e\000v\000s\000.\000T\000r\000i\000E\000n\000g\000i\000n\000e\0002\000D\000.\000S\000e\000r\000v\000i\000c\000e\000s\000\040\000C\000l\000a\000s\000s\000\040\000R\000e\000f\000e\000r\000e\000n\000c\000e}{chapter.7}% 132
\BOOKMARK [2][-]{subsection.7.10.1}{\376\377\000D\000e\000t\000a\000i\000l\000e\000d\000\040\000D\000e\000s\000c\000r\000i\000p\000t\000i\000o\000n}{section.7.10}% 133
\BOOKMARK [2][-]{subsection.7.10.2}{\376\377\000M\000e\000m\000b\000e\000r\000\040\000F\000u\000n\000c\000t\000i\000o\000n\000\040\000D\000o\000c\000u\000m\000e\000n\000t\000a\000t\000i\000o\000n}{section.7.10}% 134
\BOOKMARK [3][-]{subsubsection.7.10.2.1}{\376\377\000P\000r\000o\000v\000i\000d\000e}{subsection.7.10.2}% 135
\BOOKMARK [2][-]{subsection.7.10.3}{\376\377\000P\000r\000o\000p\000e\000r\000t\000y\000\040\000D\000o\000c\000u\000m\000e\000n\000t\000a\000t\000i\000o\000n}{section.7.10}% 136
\BOOKMARK [3][-]{subsubsection.7.10.3.1}{\376\377\000I\000n\000p\000u\000t}{subsection.7.10.3}% 137
\BOOKMARK [1][-]{section.7.11}{\376\377\000T\000r\000i\000D\000e\000v\000s\000.\000T\000r\000i\000E\000n\000g\000i\000n\000e\0002\000D\000.\000E\000x\000t\000e\000n\000s\000i\000o\000n\000s\000.\000S\000t\000r\000i\000n\000g\000E\000x\000t\000e\000n\000s\000i\000o\000n\000s\000\040\000C\000l\000a\000s\000s\000\040\000R\000e\000f\000e\000r\000e\000n\000c\000e}{chapter.7}% 138
\BOOKMARK [2][-]{subsection.7.11.1}{\376\377\000D\000e\000t\000a\000i\000l\000e\000d\000\040\000D\000e\000s\000c\000r\000i\000p\000t\000i\000o\000n}{section.7.11}% 139
\BOOKMARK [2][-]{subsection.7.11.2}{\376\377\000M\000e\000m\000b\000e\000r\000\040\000F\000u\000n\000c\000t\000i\000o\000n\000\040\000D\000o\000c\000u\000m\000e\000n\000t\000a\000t\000i\000o\000n}{section.7.11}% 140
\BOOKMARK [3][-]{subsubsection.7.11.2.1}{\376\377\000R\000e\000p\000l\000a\000c\000e}{subsection.7.11.2}% 141
\BOOKMARK [3][-]{subsubsection.7.11.2.2}{\376\377\000R\000e\000p\000l\000a\000c\000e}{subsection.7.11.2}% 142
\BOOKMARK [3][-]{subsubsection.7.11.2.3}{\376\377\000R\000e\000p\000l\000a\000c\000e\000F\000i\000r\000s\000t}{subsection.7.11.2}% 143
\BOOKMARK [1][-]{section.7.12}{\376\377\000T\000r\000i\000D\000e\000v\000s\000.\000T\000r\000i\000E\000n\000g\000i\000n\000e\0002\000D\000.\000H\000e\000l\000p\000e\000r\000s\000.\000T\000h\000r\000e\000a\000d\000i\000n\000g\000\040\000C\000l\000a\000s\000s\000\040\000R\000e\000f\000e\000r\000e\000n\000c\000e}{chapter.7}% 144
\BOOKMARK [2][-]{subsection.7.12.1}{\376\377\000D\000e\000t\000a\000i\000l\000e\000d\000\040\000D\000e\000s\000c\000r\000i\000p\000t\000i\000o\000n}{section.7.12}% 145
\BOOKMARK [2][-]{subsection.7.12.2}{\376\377\000M\000e\000m\000b\000e\000r\000\040\000F\000u\000n\000c\000t\000i\000o\000n\000\040\000D\000o\000c\000u\000m\000e\000n\000t\000a\000t\000i\000o\000n}{section.7.12}% 146
\BOOKMARK [3][-]{subsubsection.7.12.2.1}{\376\377\000S\000e\000t\000C\000u\000r\000r\000e\000n\000t\000T\000h\000r\000e\000a\000d\000N\000a\000m\000e}{subsection.7.12.2}% 147
\BOOKMARK [1][-]{section.7.13}{\376\377\000T\000r\000i\000D\000e\000v\000s\000.\000T\000r\000i\000E\000n\000g\000i\000n\000e\0002\000D\000.\000V\000e\000r\000s\000i\000o\000n\000\040\000C\000l\000a\000s\000s\000\040\000R\000e\000f\000e\000r\000e\000n\000c\000e}{chapter.7}% 148
\BOOKMARK [2][-]{subsection.7.13.1}{\376\377\000D\000e\000t\000a\000i\000l\000e\000d\000\040\000D\000e\000s\000c\000r\000i\000p\000t\000i\000o\000n}{section.7.13}% 149
\BOOKMARK [2][-]{subsection.7.13.2}{\376\377\000M\000e\000m\000b\000e\000r\000\040\000D\000a\000t\000a\000\040\000D\000o\000c\000u\000m\000e\000n\000t\000a\000t\000i\000o\000n}{section.7.13}% 150
\BOOKMARK [3][-]{subsubsection.7.13.2.1}{\376\377\000M\000a\000j\000o\000r}{subsection.7.13.2}% 151
\BOOKMARK [3][-]{subsubsection.7.13.2.2}{\376\377\000M\000i\000n\000o\000r}{subsection.7.13.2}% 152
\BOOKMARK [3][-]{subsubsection.7.13.2.3}{\376\377\000P\000a\000t\000c\000h}{subsection.7.13.2}% 153
\BOOKMARK [3][-]{subsubsection.7.13.2.4}{\376\377\000S\000u\000f\000f\000i\000x}{subsection.7.13.2}% 154
\BOOKMARK [3][-]{subsubsection.7.13.2.5}{\376\377\000V\000e\000r\000s\000i\000o\000n\000S\000t\000r\000i\000n\000g\000F\000o\000r\000m\000a\000t}{subsection.7.13.2}% 155
\BOOKMARK [3][-]{subsubsection.7.13.2.6}{\376\377\000V\000e\000r\000s\000i\000o\000n\000S\000t\000r\000i\000n\000g\000F\000o\000r\000m\000a\000t\000W\000i\000t\000h\000S\000u\000f\000f\000i\000x}{subsection.7.13.2}% 156
\BOOKMARK [2][-]{subsection.7.13.3}{\376\377\000P\000r\000o\000p\000e\000r\000t\000y\000\040\000D\000o\000c\000u\000m\000e\000n\000t\000a\000t\000i\000o\000n}{section.7.13}% 157
\BOOKMARK [3][-]{subsubsection.7.13.3.1}{\376\377\000V\000e\000r\000s\000i\000o\000n\000S\000t\000r\000i\000n\000g}{subsection.7.13.3}% 158
\BOOKMARK [1][-]{section.7.14}{\376\377\000T\000r\000i\000D\000e\000v\000s\000.\000T\000r\000i\000E\000n\000g\000i\000n\000e\0002\000D\000.\000N\000a\000t\000i\000v\000e\000.\000W\000i\000n\000A\000P\000I\000\040\000C\000l\000a\000s\000s\000\040\000R\000e\000f\000e\000r\000e\000n\000c\000e}{chapter.7}% 159
\BOOKMARK [2][-]{subsection.7.14.1}{\376\377\000D\000e\000t\000a\000i\000l\000e\000d\000\040\000D\000e\000s\000c\000r\000i\000p\000t\000i\000o\000n}{section.7.14}% 160
\BOOKMARK [2][-]{subsection.7.14.2}{\376\377\000M\000e\000m\000b\000e\000r\000\040\000F\000u\000n\000c\000t\000i\000o\000n\000\040\000D\000o\000c\000u\000m\000e\000n\000t\000a\000t\000i\000o\000n}{section.7.14}% 161
\BOOKMARK [3][-]{subsubsection.7.14.2.1}{\376\377\000A\000l\000l\000o\000c\000C\000o\000n\000s\000o\000l\000e}{subsection.7.14.2}% 162
\BOOKMARK [3][-]{subsubsection.7.14.2.2}{\376\377\000F\000r\000e\000e\000C\000o\000n\000s\000o\000l\000e}{subsection.7.14.2}% 163
\BOOKMARK [3][-]{subsubsection.7.14.2.3}{\376\377\000G\000e\000t\000S\000t\000d\000H\000a\000n\000d\000l\000e}{subsection.7.14.2}% 164
\BOOKMARK [2][-]{subsection.7.14.3}{\376\377\000M\000e\000m\000b\000e\000r\000\040\000D\000a\000t\000a\000\040\000D\000o\000c\000u\000m\000e\000n\000t\000a\000t\000i\000o\000n}{section.7.14}% 165
\BOOKMARK [3][-]{subsubsection.7.14.3.1}{\376\377\000C\000O\000D\000E\000\137\000P\000A\000G\000E}{subsection.7.14.3}% 166
\BOOKMARK [3][-]{subsubsection.7.14.3.2}{\376\377\000S\000T\000D\000\137\000O\000U\000T\000P\000U\000T\000\137\000H\000A\000N\000D\000L\000E}{subsection.7.14.3}% 167
\BOOKMARK [0][-]{chapter.8}{\376\377\000F\000i\000l\000e\000\040\000D\000o\000c\000u\000m\000e\000n\000t\000a\000t\000i\000o\000n}{}% 168
\BOOKMARK [1][-]{section.8.1}{\376\377\000R\000E\000A\000D\000M\000E\000.\000m\000d\000\040\000F\000i\000l\000e\000\040\000R\000e\000f\000e\000r\000e\000n\000c\000e}{chapter.8}% 169
\BOOKMARK [1][-]{section.8.2}{\376\377\000T\000r\000i\000D\000e\000v\000s\000.\000T\000r\000i\000E\000n\000g\000i\000n\000e\0002\000D\000/\000E\000x\000t\000e\000n\000s\000i\000o\000n\000s\000/\000E\000n\000u\000m\000e\000r\000a\000t\000i\000o\000n\000E\000x\000t\000e\000n\000s\000i\000o\000n\000s\000.\000c\000s\000\040\000F\000i\000l\000e\000\040\000R\000e\000f\000e\000r\000e\000n\000c\000e}{chapter.8}% 170
\BOOKMARK [1][-]{section.8.3}{\376\377\000T\000r\000i\000D\000e\000v\000s\000.\000T\000r\000i\000E\000n\000g\000i\000n\000e\0002\000D\000/\000E\000x\000t\000e\000n\000s\000i\000o\000n\000s\000/\000S\000t\000r\000i\000n\000g\000E\000x\000t\000e\000n\000s\000i\000o\000n\000s\000.\000c\000s\000\040\000F\000i\000l\000e\000\040\000R\000e\000f\000e\000r\000e\000n\000c\000e}{chapter.8}% 171
\BOOKMARK [1][-]{section.8.4}{\376\377\000T\000r\000i\000D\000e\000v\000s\000.\000T\000r\000i\000E\000n\000g\000i\000n\000e\0002\000D\000/\000H\000e\000l\000p\000e\000r\000s\000/\000I\000O\000.\000c\000s\000\040\000F\000i\000l\000e\000\040\000R\000e\000f\000e\000r\000e\000n\000c\000e}{chapter.8}% 172
\BOOKMARK [1][-]{section.8.5}{\376\377\000T\000r\000i\000D\000e\000v\000s\000.\000T\000r\000i\000E\000n\000g\000i\000n\000e\0002\000D\000/\000H\000e\000l\000p\000e\000r\000s\000/\000T\000h\000r\000e\000a\000d\000i\000n\000g\000.\000c\000s\000\040\000F\000i\000l\000e\000\040\000R\000e\000f\000e\000r\000e\000n\000c\000e}{chapter.8}% 173
\BOOKMARK [1][-]{section.8.6}{\376\377\000T\000r\000i\000D\000e\000v\000s\000.\000T\000r\000i\000E\000n\000g\000i\000n\000e\0002\000D\000/\000I\000n\000p\000u\000t\000/\000I\000I\000n\000p\000u\000t\000M\000a\000n\000a\000g\000e\000r\000.\000c\000s\000\040\000F\000i\000l\000e\000\040\000R\000e\000f\000e\000r\000e\000n\000c\000e}{chapter.8}% 174
\BOOKMARK [1][-]{section.8.7}{\376\377\000T\000r\000i\000D\000e\000v\000s\000.\000T\000r\000i\000E\000n\000g\000i\000n\000e\0002\000D\000/\000I\000n\000p\000u\000t\000/\000I\000n\000p\000u\000t\000M\000a\000n\000a\000g\000e\000r\000.\000c\000s\000\040\000F\000i\000l\000e\000\040\000R\000e\000f\000e\000r\000e\000n\000c\000e}{chapter.8}% 175
\BOOKMARK [1][-]{section.8.8}{\376\377\000T\000r\000i\000D\000e\000v\000s\000.\000T\000r\000i\000E\000n\000g\000i\000n\000e\0002\000D\000/\000I\000n\000p\000u\000t\000/\000N\000u\000l\000l\000I\000n\000p\000u\000t\000M\000a\000n\000a\000g\000e\000r\000.\000c\000s\000\040\000F\000i\000l\000e\000\040\000R\000e\000f\000e\000r\000e\000n\000c\000e}{chapter.8}% 176
\BOOKMARK [1][-]{section.8.9}{\376\377\000T\000r\000i\000D\000e\000v\000s\000.\000T\000r\000i\000E\000n\000g\000i\000n\000e\0002\000D\000/\000L\000o\000g\000g\000i\000n\000g\000/\000L\000o\000g\000M\000a\000n\000a\000g\000e\000r\000.\000c\000s\000\040\000F\000i\000l\000e\000\040\000R\000e\000f\000e\000r\000e\000n\000c\000e}{chapter.8}% 177
\BOOKMARK [1][-]{section.8.10}{\376\377\000T\000r\000i\000D\000e\000v\000s\000.\000T\000r\000i\000E\000n\000g\000i\000n\000e\0002\000D\000/\000N\000a\000t\000i\000v\000e\000/\000H\000e\000l\000p\000e\000r\000s\000.\000c\000s\000\040\000F\000i\000l\000e\000\040\000R\000e\000f\000e\000r\000e\000n\000c\000e}{chapter.8}% 178
\BOOKMARK [1][-]{section.8.11}{\376\377\000T\000r\000i\000D\000e\000v\000s\000.\000T\000r\000i\000E\000n\000g\000i\000n\000e\0002\000D\000/\000N\000a\000t\000i\000v\000e\000/\000W\000i\000n\000A\000P\000I\000.\000c\000s\000\040\000F\000i\000l\000e\000\040\000R\000e\000f\000e\000r\000e\000n\000c\000e}{chapter.8}% 179
\BOOKMARK [1][-]{section.8.12}{\376\377\000T\000r\000i\000D\000e\000v\000s\000.\000T\000r\000i\000E\000n\000g\000i\000n\000e\0002\000D\000/\000P\000o\000i\000n\000t\000.\000c\000s\000\040\000F\000i\000l\000e\000\040\000R\000e\000f\000e\000r\000e\000n\000c\000e}{chapter.8}% 180
\BOOKMARK [1][-]{section.8.13}{\376\377\000T\000r\000i\000D\000e\000v\000s\000.\000T\000r\000i\000E\000n\000g\000i\000n\000e\0002\000D\000/\000P\000r\000o\000p\000e\000r\000t\000i\000e\000s\000/\000A\000s\000s\000e\000m\000b\000l\000y\000I\000n\000f\000o\000.\000c\000s\000\040\000F\000i\000l\000e\000\040\000R\000e\000f\000e\000r\000e\000n\000c\000e}{chapter.8}% 181
\BOOKMARK [1][-]{section.8.14}{\376\377\000T\000r\000i\000D\000e\000v\000s\000.\000T\000r\000i\000E\000n\000g\000i\000n\000e\0002\000D\000/\000S\000e\000r\000i\000a\000l\000i\000z\000i\000n\000g\000/\000S\000e\000r\000i\000a\000l\000i\000z\000e\000r\000.\000c\000s\000\040\000F\000i\000l\000e\000\040\000R\000e\000f\000e\000r\000e\000n\000c\000e}{chapter.8}% 182
\BOOKMARK [1][-]{section.8.15}{\376\377\000T\000r\000i\000D\000e\000v\000s\000.\000T\000r\000i\000E\000n\000g\000i\000n\000e\0002\000D\000/\000S\000e\000r\000v\000i\000c\000e\000s\000.\000c\000s\000\040\000F\000i\000l\000e\000\040\000R\000e\000f\000e\000r\000e\000n\000c\000e}{chapter.8}% 183
\BOOKMARK [1][-]{section.8.16}{\376\377\000T\000r\000i\000D\000e\000v\000s\000.\000T\000r\000i\000E\000n\000g\000i\000n\000e\0002\000D\000/\000V\000e\000r\000s\000i\000o\000n\000.\000c\000s\000\040\000F\000i\000l\000e\000\040\000R\000e\000f\000e\000r\000e\000n\000c\000e}{chapter.8}% 184
\BOOKMARK [-1][-]{section*.63}{\376\377\000I\000n\000d\000e\000x}{}% 185
